<?xml version="1.0" encoding="UTF-8"?>
<testsuite xmlns:xsi="http://www.w3.org/2001/XMLSchema-instance" xsi:noNamespaceSchemaLocation="https://maven.apache.org/surefire/maven-surefire-plugin/xsd/surefire-test-report.xsd" name="MySeleniumSessionsClasses.MySeleniumSessionsClasses.AppTest" time="78.35" tests="5" errors="0" skipped="0" failures="0">
  <properties>
    <property name="sun.desktop" value="windows"/>
    <property name="awt.toolkit" value="sun.awt.windows.WToolkit"/>
    <property name="file.encoding.pkg" value="sun.io"/>
    <property name="java.specification.version" value="1.8"/>
    <property name="sun.cpu.isalist" value="amd64"/>
    <property name="sun.jnu.encoding" value="Cp1252"/>
    <property name="java.class.path" value="C:\Users\dinoa\.p2\pool\plugins\org.eclipse.m2e.maven.runtime_1.16.0.20200610-1735\jars\plexus-classworlds-2.6.0.jar"/>
    <property name="java.vm.vendor" value="Oracle Corporation"/>
    <property name="sun.arch.data.model" value="64"/>
    <property name="user.variant" value=""/>
    <property name="java.vendor.url" value="http://java.oracle.com/"/>
    <property name="user.timezone" value="America/Mexico_City"/>
    <property name="os.name" value="Windows 10"/>
    <property name="java.vm.specification.version" value="1.8"/>
    <property name="user.country" value="MX"/>
    <property name="sun.java.launcher" value="SUN_STANDARD"/>
    <property name="sun.boot.library.path" value="C:\D\ENTORNO_LOCAL_APX\jdk1.8.0_181\jre\bin"/>
    <property name="sun.java.command" value="org.codehaus.plexus.classworlds.launcher.Launcher -B test"/>
    <property name="maven.home" value="C:\Users\dinoa\eclipse-workspace\MySeleniumSessionsClasses\EMBEDDED"/>
    <property name="surefire.test.class.path" value="C:\Users\dinoa\eclipse-workspace\MySeleniumSessionsClasses\target\test-classes;C:\Users\dinoa\eclipse-workspace\MySeleniumSessionsClasses\target\classes;C:\Users\dinoa\.m2\repository\junit\junit\4.11\junit-4.11.jar;C:\Users\dinoa\.m2\repository\org\hamcrest\hamcrest-core\1.3\hamcrest-core-1.3.jar;C:\Users\dinoa\.m2\repository\org\seleniumhq\selenium\selenium-java\3.141.59\selenium-java-3.141.59.jar;C:\Users\dinoa\.m2\repository\org\seleniumhq\selenium\selenium-api\3.141.59\selenium-api-3.141.59.jar;C:\Users\dinoa\.m2\repository\org\seleniumhq\selenium\selenium-chrome-driver\3.141.59\selenium-chrome-driver-3.141.59.jar;C:\Users\dinoa\.m2\repository\org\seleniumhq\selenium\selenium-edge-driver\3.141.59\selenium-edge-driver-3.141.59.jar;C:\Users\dinoa\.m2\repository\org\seleniumhq\selenium\selenium-firefox-driver\3.141.59\selenium-firefox-driver-3.141.59.jar;C:\Users\dinoa\.m2\repository\org\seleniumhq\selenium\selenium-ie-driver\3.141.59\selenium-ie-driver-3.141.59.jar;C:\Users\dinoa\.m2\repository\org\seleniumhq\selenium\selenium-opera-driver\3.141.59\selenium-opera-driver-3.141.59.jar;C:\Users\dinoa\.m2\repository\org\seleniumhq\selenium\selenium-remote-driver\3.141.59\selenium-remote-driver-3.141.59.jar;C:\Users\dinoa\.m2\repository\org\seleniumhq\selenium\selenium-safari-driver\3.141.59\selenium-safari-driver-3.141.59.jar;C:\Users\dinoa\.m2\repository\org\seleniumhq\selenium\selenium-support\3.141.59\selenium-support-3.141.59.jar;C:\Users\dinoa\.m2\repository\net\bytebuddy\byte-buddy\1.8.15\byte-buddy-1.8.15.jar;C:\Users\dinoa\.m2\repository\org\apache\commons\commons-exec\1.3\commons-exec-1.3.jar;C:\Users\dinoa\.m2\repository\com\google\guava\guava\25.0-jre\guava-25.0-jre.jar;C:\Users\dinoa\.m2\repository\com\google\code\findbugs\jsr305\1.3.9\jsr305-1.3.9.jar;C:\Users\dinoa\.m2\repository\org\checkerframework\checker-compat-qual\2.0.0\checker-compat-qual-2.0.0.jar;C:\Users\dinoa\.m2\repository\com\google\errorprone\error_prone_annotations\2.1.3\error_prone_annotations-2.1.3.jar;C:\Users\dinoa\.m2\repository\com\google\j2objc\j2objc-annotations\1.1\j2objc-annotations-1.1.jar;C:\Users\dinoa\.m2\repository\org\codehaus\mojo\animal-sniffer-annotations\1.14\animal-sniffer-annotations-1.14.jar;C:\Users\dinoa\.m2\repository\com\squareup\okhttp3\okhttp\3.11.0\okhttp-3.11.0.jar;C:\Users\dinoa\.m2\repository\com\squareup\okio\okio\1.14.0\okio-1.14.0.jar;"/>
    <property name="sun.cpu.endian" value="little"/>
    <property name="user.home" value="C:\Users\dinoa"/>
    <property name="user.language" value="es"/>
    <property name="java.specification.vendor" value="Oracle Corporation"/>
    <property name="java.home" value="C:\D\ENTORNO_LOCAL_APX\jdk1.8.0_181\jre"/>
    <property name="basedir" value="C:\Users\dinoa\eclipse-workspace\MySeleniumSessionsClasses"/>
    <property name="file.separator" value="\"/>
    <property name="line.separator" value="&#10;"/>
    <property name="java.vm.specification.vendor" value="Oracle Corporation"/>
    <property name="java.specification.name" value="Java Platform API Specification"/>
    <property name="java.awt.graphicsenv" value="sun.awt.Win32GraphicsEnvironment"/>
    <property name="sun.boot.class.path" value="C:\D\ENTORNO_LOCAL_APX\jdk1.8.0_181\jre\lib\resources.jar;C:\D\ENTORNO_LOCAL_APX\jdk1.8.0_181\jre\lib\rt.jar;C:\D\ENTORNO_LOCAL_APX\jdk1.8.0_181\jre\lib\sunrsasign.jar;C:\D\ENTORNO_LOCAL_APX\jdk1.8.0_181\jre\lib\jsse.jar;C:\D\ENTORNO_LOCAL_APX\jdk1.8.0_181\jre\lib\jce.jar;C:\D\ENTORNO_LOCAL_APX\jdk1.8.0_181\jre\lib\charsets.jar;C:\D\ENTORNO_LOCAL_APX\jdk1.8.0_181\jre\lib\jfr.jar;C:\D\ENTORNO_LOCAL_APX\jdk1.8.0_181\jre\classes"/>
    <property name="user.script" value=""/>
    <property name="sun.management.compiler" value="HotSpot 64-Bit Tiered Compilers"/>
    <property name="java.runtime.version" value="1.8.0_181-b13"/>
    <property name="user.name" value="dinoa"/>
    <property name="path.separator" value=";"/>
    <property name="os.version" value="10.0"/>
    <property name="java.endorsed.dirs" value="C:\D\ENTORNO_LOCAL_APX\jdk1.8.0_181\jre\lib\endorsed"/>
    <property name="java.runtime.name" value="Java(TM) SE Runtime Environment"/>
    <property name="file.encoding" value="Cp1252"/>
    <property name="guice.disable.misplaced.annotation.check" value="true"/>
    <property name="java.vm.name" value="Java HotSpot(TM) 64-Bit Server VM"/>
    <property name="localRepository" value="C:\Users\dinoa\.m2\repository"/>
    <property name="java.vendor.url.bug" value="http://bugreport.sun.com/bugreport/"/>
    <property name="java.io.tmpdir" value="C:\Users\dinoa\AppData\Local\Temp\"/>
    <property name="java.version" value="1.8.0_181"/>
    <property name="user.dir" value="C:\Users\dinoa\eclipse-workspace\MySeleniumSessionsClasses"/>
    <property name="os.arch" value="amd64"/>
    <property name="maven.multiModuleProjectDirectory" value="C:\Users\dinoa\eclipse-workspace\MySeleniumSessionsClasses"/>
    <property name="java.vm.specification.name" value="Java Virtual Machine Specification"/>
    <property name="java.awt.printerjob" value="sun.awt.windows.WPrinterJob"/>
    <property name="sun.os.patch.level" value=""/>
    <property name="java.library.path" value="C:\D\ENTORNO_LOCAL_APX\jdk1.8.0_181\bin;C:\WINDOWS\Sun\Java\bin;C:\WINDOWS\system32;C:\WINDOWS;C:/Users/dinoa/.p2/pool/plugins/org.eclipse.justj.openjdk.hotspot.jre.full.win32.x86_64_15.0.1.v20201027-0507/jre/bin/server;C:/Users/dinoa/.p2/pool/plugins/org.eclipse.justj.openjdk.hotspot.jre.full.win32.x86_64_15.0.1.v20201027-0507/jre/bin;c:\windows;c:\windows\system32;c:\windows\system32\wbem;C:\Program Files\Maven\apache-maven-3.6.3\bin;C:\Users\dinoa\AppData\Local\Microsoft\WindowsApps;C:\Users\dinoa\AppData\Local\GitHubDesktop\bin;C:\Program Files\heroku\bin;C:\Users\dinoa\AppData\Roaming\npm;C:\Users\dinoa\Documents\JAVAAPX\apx;C:\Users\dinoa\.dotnet\tools;C:\Program Files\Azure Data Studio\bin;C:\Users\dinoa\AppData\Local\Programs\Microsoft VS Code\bin;C:\WINDOWS\System32;;."/>
    <property name="java.vm.info" value="mixed mode"/>
    <property name="java.vendor" value="Oracle Corporation"/>
    <property name="java.vm.version" value="25.181-b13"/>
    <property name="classworlds.conf" value="C:\Users\dinoa\eclipse-workspace\.metadata\.plugins\org.eclipse.m2e.launching\launches\m2conf2345784869346223745.tmp"/>
    <property name="java.ext.dirs" value="C:\D\ENTORNO_LOCAL_APX\jdk1.8.0_181\jre\lib\ext;C:\WINDOWS\Sun\Java\lib\ext"/>
    <property name="sun.io.unicode.encoding" value="UnicodeLittle"/>
    <property name="java.class.version" value="52.0"/>
  </properties>
  <testcase name="casoDePruebaTitleHP" classname="MySeleniumSessionsClasses.MySeleniumSessionsClasses.AppTest" time="7.489"/>
  <testcase name="casoDePruebaBarraDeBusqueda" classname="MySeleniumSessionsClasses.MySeleniumSessionsClasses.AppTest" time="8.908"/>
  <testcase name="casoDePruebaUrlSearch" classname="MySeleniumSessionsClasses.MySeleniumSessionsClasses.AppTest" time="8.948"/>
  <testcase name="casoDePruebaCalculadoraWebHP" classname="MySeleniumSessionsClasses.MySeleniumSessionsClasses.AppTest" time="25.365"/>
  <testcase name="casoDePruebaCalculadoraWebUP" classname="MySeleniumSessionsClasses.MySeleniumSessionsClasses.AppTest" time="27.577"/>
</testsuite>